Tem 03, 2019 9:04:45 ÖÖ org.apache.catalina.core.AprLifecycleListener init
INFO: The APR based Apache Tomcat Native library which allows optimal performance in production environments was not found on the java.library.path: C:\Program Files\Java\jdk-11.0.3\bin;C:\Windows\Sun\Java\bin;C:\Windows\system32;C:\Windows;C:/Program Files/Java/jdk-11.0.3/bin/server;C:/Program Files/Java/jdk-11.0.3/bin;C:\Windows\system32;C:\Windows;C:\Windows\System32\Wbem;C:\Windows\System32\WindowsPowerShell\v1.0\;C:\Windows\System32\OpenSSH\;C:\Users\giray\AppData\Local\Programs\Python\Python36\Scripts\;C:\Users\giray\AppData\Local\Programs\Python\Python36\;C:\Users\giray\AppData\Local\Microsoft\WindowsApps;;D:\Windows Programs\PyCharm 2019.1.3\bin;;C:\Windows\system32;;.
Tem 03, 2019 9:04:45 ÖÖ org.apache.coyote.AbstractProtocol init
INFO: Initializing ProtocolHandler ["http-bio-8080"]
Tem 03, 2019 9:04:45 ÖÖ org.apache.coyote.AbstractProtocol init
INFO: Initializing ProtocolHandler ["ajp-bio-8009"]
Tem 03, 2019 9:04:45 ÖÖ org.apache.catalina.startup.Catalina load
INFO: Initialization processed in 836 ms
Tem 03, 2019 9:04:45 ÖÖ org.apache.catalina.core.StandardService startInternal
INFO: Starting service Catalina
Tem 03, 2019 9:04:45 ÖÖ org.apache.catalina.core.StandardEngine startInternal
INFO: Starting Servlet Engine: Apache Tomcat/7.0.42
Tem 03, 2019 9:04:45 ÖÖ org.apache.catalina.startup.HostConfig deployDescriptor
INFO: Deploying configuration descriptor D:\Projeler\Eclipse Workspace\bundles\tomcat-7.0.42\conf\Catalina\localhost\ROOT.xml
Tem 03, 2019 9:05:18 ÖÖ org.apache.catalina.loader.WebappLoader buildClassPath
INFO: Unknown loader jdk.internal.loader.ClassLoaders$AppClassLoader@443b7951 class jdk.internal.loader.ClassLoaders$AppClassLoader
Tem 03, 2019 9:08:10 ÖÖ org.apache.catalina.startup.HostConfig deployDirectory
INFO: Deploying web application directory D:\Projeler\Eclipse Workspace\bundles\tomcat-7.0.42\webapps\calendar-portlet
Tem 03, 2019 9:08:22 ÖÖ org.apache.catalina.loader.WebappLoader buildClassPath
INFO: Unknown loader jdk.internal.loader.ClassLoaders$AppClassLoader@443b7951 class jdk.internal.loader.ClassLoaders$AppClassLoader
Tem 03, 2019 9:08:23 ÖÖ org.apache.catalina.startup.HostConfig deployDirectory
INFO: Deploying web application directory D:\Projeler\Eclipse Workspace\bundles\tomcat-7.0.42\webapps\fistProject-portlet
Tem 03, 2019 9:08:24 ÖÖ org.apache.catalina.loader.WebappLoader buildClassPath
INFO: Unknown loader jdk.internal.loader.ClassLoaders$AppClassLoader@443b7951 class jdk.internal.loader.ClassLoaders$AppClassLoader
Tem 03, 2019 9:08:25 ÖÖ org.apache.catalina.startup.HostConfig deployDirectory
INFO: Deploying web application directory D:\Projeler\Eclipse Workspace\bundles\tomcat-7.0.42\webapps\generic-portlet
Tem 03, 2019 9:08:26 ÖÖ org.apache.catalina.loader.WebappLoader buildClassPath
INFO: Unknown loader jdk.internal.loader.ClassLoaders$AppClassLoader@443b7951 class jdk.internal.loader.ClassLoaders$AppClassLoader
Tem 03, 2019 9:08:27 ÖÖ org.apache.catalina.startup.HostConfig deployDirectory
INFO: Deploying web application directory D:\Projeler\Eclipse Workspace\bundles\tomcat-7.0.42\webapps\kaleo-web
Tem 03, 2019 9:08:47 ÖÖ org.apache.catalina.loader.WebappLoader buildClassPath
INFO: Unknown loader jdk.internal.loader.ClassLoaders$AppClassLoader@443b7951 class jdk.internal.loader.ClassLoaders$AppClassLoader
Tem 03, 2019 9:08:48 ÖÖ org.apache.catalina.startup.HostConfig deployDirectory
INFO: Deploying web application directory D:\Projeler\Eclipse Workspace\bundles\tomcat-7.0.42\webapps\Liferay MVC-portlet
Tem 03, 2019 9:08:49 ÖÖ org.apache.catalina.loader.WebappLoader buildClassPath
INFO: Unknown loader jdk.internal.loader.ClassLoaders$AppClassLoader@443b7951 class jdk.internal.loader.ClassLoaders$AppClassLoader
Tem 03, 2019 9:08:50 ÖÖ org.apache.catalina.startup.HostConfig deployDirectory
INFO: Deploying web application directory D:\Projeler\Eclipse Workspace\bundles\tomcat-7.0.42\webapps\marketplace-portlet
Tem 03, 2019 9:08:53 ÖÖ org.apache.catalina.loader.WebappLoader buildClassPath
INFO: Unknown loader jdk.internal.loader.ClassLoaders$AppClassLoader@443b7951 class jdk.internal.loader.ClassLoaders$AppClassLoader
Tem 03, 2019 9:09:01 ÖÖ org.apache.catalina.startup.HostConfig deployDirectory
INFO: Deploying web application directory D:\Projeler\Eclipse Workspace\bundles\tomcat-7.0.42\webapps\mvc-portlet
Tem 03, 2019 9:09:03 ÖÖ org.apache.catalina.loader.WebappLoader buildClassPath
INFO: Unknown loader jdk.internal.loader.ClassLoaders$AppClassLoader@443b7951 class jdk.internal.loader.ClassLoaders$AppClassLoader
Tem 03, 2019 9:09:03 ÖÖ org.apache.catalina.startup.HostConfig deployDirectory
INFO: Deploying web application directory D:\Projeler\Eclipse Workspace\bundles\tomcat-7.0.42\webapps\notifications-portlet
Tem 03, 2019 9:09:05 ÖÖ org.apache.catalina.loader.WebappLoader buildClassPath
INFO: Unknown loader jdk.internal.loader.ClassLoaders$AppClassLoader@443b7951 class jdk.internal.loader.ClassLoaders$AppClassLoader
Tem 03, 2019 9:09:06 ÖÖ org.apache.catalina.startup.HostConfig deployDirectory
INFO: Deploying web application directory D:\Projeler\Eclipse Workspace\bundles\tomcat-7.0.42\webapps\opensocial-portlet
Tem 03, 2019 9:09:36 ÖÖ org.apache.catalina.loader.WebappLoader buildClassPath
INFO: Unknown loader jdk.internal.loader.ClassLoaders$AppClassLoader@443b7951 class jdk.internal.loader.ClassLoaders$AppClassLoader
Tem 03, 2019 9:09:44 ÖÖ org.apache.catalina.startup.HostConfig deployDirectory
INFO: Deploying web application directory D:\Projeler\Eclipse Workspace\bundles\tomcat-7.0.42\webapps\resources-importer-web
Tem 03, 2019 9:09:45 ÖÖ org.apache.catalina.loader.WebappLoader buildClassPath
INFO: Unknown loader jdk.internal.loader.ClassLoaders$AppClassLoader@443b7951 class jdk.internal.loader.ClassLoaders$AppClassLoader
Tem 03, 2019 9:09:46 ÖÖ org.apache.catalina.startup.HostConfig deployDirectory
INFO: Deploying web application directory D:\Projeler\Eclipse Workspace\bundles\tomcat-7.0.42\webapps\sync-web
Tem 03, 2019 9:09:49 ÖÖ org.apache.catalina.loader.WebappLoader buildClassPath
INFO: Unknown loader jdk.internal.loader.ClassLoaders$AppClassLoader@443b7951 class jdk.internal.loader.ClassLoaders$AppClassLoader
Tem 03, 2019 9:09:50 ÖÖ org.apache.catalina.startup.HostConfig deployDirectory
INFO: Deploying web application directory D:\Projeler\Eclipse Workspace\bundles\tomcat-7.0.42\webapps\Validation-portlet
Tem 03, 2019 9:09:52 ÖÖ org.apache.catalina.loader.WebappLoader buildClassPath
INFO: Unknown loader jdk.internal.loader.ClassLoaders$AppClassLoader@443b7951 class jdk.internal.loader.ClassLoaders$AppClassLoader
Tem 03, 2019 9:09:53 ÖÖ org.apache.catalina.startup.HostConfig deployDirectory
INFO: Deploying web application directory D:\Projeler\Eclipse Workspace\bundles\tomcat-7.0.42\webapps\web-form-portlet
Tem 03, 2019 9:09:56 ÖÖ org.apache.catalina.loader.WebappLoader buildClassPath
INFO: Unknown loader jdk.internal.loader.ClassLoaders$AppClassLoader@443b7951 class jdk.internal.loader.ClassLoaders$AppClassLoader
Tem 03, 2019 9:09:57 ÖÖ org.apache.catalina.startup.HostConfig deployDirectory
INFO: Deploying web application directory D:\Projeler\Eclipse Workspace\bundles\tomcat-7.0.42\webapps\welcome-theme
Tem 03, 2019 9:09:57 ÖÖ org.apache.catalina.loader.WebappLoader buildClassPath
INFO: Unknown loader jdk.internal.loader.ClassLoaders$AppClassLoader@443b7951 class jdk.internal.loader.ClassLoaders$AppClassLoader
Tem 03, 2019 9:10:00 ÖÖ org.apache.coyote.AbstractProtocol start
INFO: Starting ProtocolHandler ["http-bio-8080"]
Tem 03, 2019 9:10:00 ÖÖ org.apache.coyote.AbstractProtocol start
INFO: Starting ProtocolHandler ["ajp-bio-8009"]
Tem 03, 2019 9:10:00 ÖÖ org.apache.catalina.startup.Catalina start
INFO: Server startup in 315031 ms
Tem 03, 2019 10:08:13 ÖÖ org.apache.catalina.core.StandardServer await
INFO: A valid shutdown command was received via the shutdown port. Stopping the Server instance.
Tem 03, 2019 10:08:13 ÖÖ org.apache.coyote.AbstractProtocol pause
INFO: Pausing ProtocolHandler ["http-bio-8080"]
Tem 03, 2019 10:08:13 ÖÖ org.apache.coyote.AbstractProtocol pause
INFO: Pausing ProtocolHandler ["ajp-bio-8009"]
Tem 03, 2019 10:08:14 ÖÖ org.apache.catalina.core.StandardService stopInternal
INFO: Stopping service Catalina
Tem 03, 2019 10:08:25 ÖÖ org.apache.catalina.loader.WebappClassLoader clearReferencesThreads
SEVERE: The web application [] appears to have started a thread named [org.python.google.common.base.internal.Finalizer] but has failed to stop it. This is very likely to create a memory leak.
Tem 03, 2019 10:08:27 ÖÖ org.apache.catalina.loader.WebappClassLoader clearReferencesThreads
SEVERE: The web application [/opensocial-portlet] appears to have started a thread named [com.google.inject.internal.Finalizer] but has failed to stop it. This is very likely to create a memory leak.
Tem 03, 2019 10:08:29 ÖÖ org.apache.coyote.AbstractProtocol stop
INFO: Stopping ProtocolHandler ["http-bio-8080"]
Tem 03, 2019 10:08:29 ÖÖ org.apache.coyote.AbstractProtocol stop
INFO: Stopping ProtocolHandler ["ajp-bio-8009"]
Tem 03, 2019 10:08:29 ÖÖ org.apache.coyote.AbstractProtocol destroy
INFO: Destroying ProtocolHandler ["http-bio-8080"]
Tem 03, 2019 10:08:29 ÖÖ org.apache.coyote.AbstractProtocol destroy
INFO: Destroying ProtocolHandler ["ajp-bio-8009"]
Tem 03, 2019 10:08:30 ÖÖ org.apache.catalina.core.AprLifecycleListener init
INFO: The APR based Apache Tomcat Native library which allows optimal performance in production environments was not found on the java.library.path: C:\Program Files\Java\jdk-11.0.3\bin;C:\Windows\Sun\Java\bin;C:\Windows\system32;C:\Windows;C:/Program Files/Java/jdk-11.0.3/bin/server;C:/Program Files/Java/jdk-11.0.3/bin;C:\Windows\system32;C:\Windows;C:\Windows\System32\Wbem;C:\Windows\System32\WindowsPowerShell\v1.0\;C:\Windows\System32\OpenSSH\;C:\Users\giray\AppData\Local\Programs\Python\Python36\Scripts\;C:\Users\giray\AppData\Local\Programs\Python\Python36\;C:\Users\giray\AppData\Local\Microsoft\WindowsApps;;D:\Windows Programs\PyCharm 2019.1.3\bin;;C:\Windows\system32;;.
Tem 03, 2019 10:08:31 ÖÖ org.apache.coyote.AbstractProtocol init
INFO: Initializing ProtocolHandler ["http-bio-8080"]
Tem 03, 2019 10:08:31 ÖÖ org.apache.coyote.AbstractProtocol init
INFO: Initializing ProtocolHandler ["ajp-bio-8009"]
Tem 03, 2019 10:08:31 ÖÖ org.apache.catalina.startup.Catalina load
INFO: Initialization processed in 632 ms
Tem 03, 2019 10:08:31 ÖÖ org.apache.catalina.core.StandardService startInternal
INFO: Starting service Catalina
Tem 03, 2019 10:08:31 ÖÖ org.apache.catalina.core.StandardEngine startInternal
INFO: Starting Servlet Engine: Apache Tomcat/7.0.42
Tem 03, 2019 10:08:31 ÖÖ org.apache.catalina.startup.HostConfig deployDescriptor
INFO: Deploying configuration descriptor D:\Projeler\Eclipse Workspace\bundles\tomcat-7.0.42\conf\Catalina\localhost\ROOT.xml
Tem 03, 2019 10:08:31 ÖÖ org.apache.catalina.loader.WebappLoader buildClassPath
INFO: Unknown loader jdk.internal.loader.ClassLoaders$AppClassLoader@443b7951 class jdk.internal.loader.ClassLoaders$AppClassLoader
Tem 03, 2019 10:11:00 ÖÖ org.apache.catalina.startup.HostConfig deployDirectory
INFO: Deploying web application directory D:\Projeler\Eclipse Workspace\bundles\tomcat-7.0.42\webapps\calendar-portlet
Tem 03, 2019 10:11:11 ÖÖ org.apache.catalina.loader.WebappLoader buildClassPath
INFO: Unknown loader jdk.internal.loader.ClassLoaders$AppClassLoader@443b7951 class jdk.internal.loader.ClassLoaders$AppClassLoader
Tem 03, 2019 10:11:12 ÖÖ org.apache.catalina.startup.HostConfig deployDirectory
INFO: Deploying web application directory D:\Projeler\Eclipse Workspace\bundles\tomcat-7.0.42\webapps\fistProject-portlet
Tem 03, 2019 10:11:13 ÖÖ org.apache.catalina.loader.WebappLoader buildClassPath
INFO: Unknown loader jdk.internal.loader.ClassLoaders$AppClassLoader@443b7951 class jdk.internal.loader.ClassLoaders$AppClassLoader
Tem 03, 2019 10:11:14 ÖÖ org.apache.catalina.startup.HostConfig deployDirectory
INFO: Deploying web application directory D:\Projeler\Eclipse Workspace\bundles\tomcat-7.0.42\webapps\generic-portlet
Tem 03, 2019 10:11:15 ÖÖ org.apache.catalina.loader.WebappLoader buildClassPath
INFO: Unknown loader jdk.internal.loader.ClassLoaders$AppClassLoader@443b7951 class jdk.internal.loader.ClassLoaders$AppClassLoader
Tem 03, 2019 10:11:15 ÖÖ org.apache.catalina.startup.HostConfig deployDirectory
INFO: Deploying web application directory D:\Projeler\Eclipse Workspace\bundles\tomcat-7.0.42\webapps\kaleo-web
Tem 03, 2019 10:11:27 ÖÖ org.apache.catalina.loader.WebappLoader buildClassPath
INFO: Unknown loader jdk.internal.loader.ClassLoaders$AppClassLoader@443b7951 class jdk.internal.loader.ClassLoaders$AppClassLoader
Tem 03, 2019 10:11:27 ÖÖ org.apache.catalina.startup.HostConfig deployDirectory
INFO: Deploying web application directory D:\Projeler\Eclipse Workspace\bundles\tomcat-7.0.42\webapps\Liferay MVC-portlet
Tem 03, 2019 10:11:28 ÖÖ org.apache.catalina.loader.WebappLoader buildClassPath
INFO: Unknown loader jdk.internal.loader.ClassLoaders$AppClassLoader@443b7951 class jdk.internal.loader.ClassLoaders$AppClassLoader
Tem 03, 2019 10:11:29 ÖÖ org.apache.catalina.startup.HostConfig deployDirectory
INFO: Deploying web application directory D:\Projeler\Eclipse Workspace\bundles\tomcat-7.0.42\webapps\marketplace-portlet
Tem 03, 2019 10:11:33 ÖÖ org.apache.catalina.loader.WebappLoader buildClassPath
INFO: Unknown loader jdk.internal.loader.ClassLoaders$AppClassLoader@443b7951 class jdk.internal.loader.ClassLoaders$AppClassLoader
Tem 03, 2019 10:11:40 ÖÖ org.apache.catalina.startup.HostConfig deployDirectory
INFO: Deploying web application directory D:\Projeler\Eclipse Workspace\bundles\tomcat-7.0.42\webapps\mvc-portlet
Tem 03, 2019 10:11:41 ÖÖ org.apache.catalina.loader.WebappLoader buildClassPath
INFO: Unknown loader jdk.internal.loader.ClassLoaders$AppClassLoader@443b7951 class jdk.internal.loader.ClassLoaders$AppClassLoader
Tem 03, 2019 10:11:42 ÖÖ org.apache.catalina.startup.HostConfig deployDirectory
INFO: Deploying web application directory D:\Projeler\Eclipse Workspace\bundles\tomcat-7.0.42\webapps\notifications-portlet
Tem 03, 2019 10:11:43 ÖÖ org.apache.catalina.loader.WebappLoader buildClassPath
INFO: Unknown loader jdk.internal.loader.ClassLoaders$AppClassLoader@443b7951 class jdk.internal.loader.ClassLoaders$AppClassLoader
Tem 03, 2019 10:11:44 ÖÖ org.apache.catalina.startup.HostConfig deployDirectory
INFO: Deploying web application directory D:\Projeler\Eclipse Workspace\bundles\tomcat-7.0.42\webapps\opensocial-portlet
Tem 03, 2019 10:12:09 ÖÖ org.apache.catalina.loader.WebappLoader buildClassPath
INFO: Unknown loader jdk.internal.loader.ClassLoaders$AppClassLoader@443b7951 class jdk.internal.loader.ClassLoaders$AppClassLoader
Tem 03, 2019 10:12:30 ÖÖ org.apache.catalina.startup.HostConfig deployDirectory
INFO: Deploying web application directory D:\Projeler\Eclipse Workspace\bundles\tomcat-7.0.42\webapps\resources-importer-web
Tem 03, 2019 10:12:31 ÖÖ org.apache.catalina.loader.WebappLoader buildClassPath
INFO: Unknown loader jdk.internal.loader.ClassLoaders$AppClassLoader@443b7951 class jdk.internal.loader.ClassLoaders$AppClassLoader
Tem 03, 2019 10:12:32 ÖÖ org.apache.catalina.startup.HostConfig deployDirectory
INFO: Deploying web application directory D:\Projeler\Eclipse Workspace\bundles\tomcat-7.0.42\webapps\sync-web
Tem 03, 2019 10:12:34 ÖÖ org.apache.catalina.loader.WebappLoader buildClassPath
INFO: Unknown loader jdk.internal.loader.ClassLoaders$AppClassLoader@443b7951 class jdk.internal.loader.ClassLoaders$AppClassLoader
Tem 03, 2019 10:12:36 ÖÖ org.apache.catalina.startup.HostConfig deployDirectory
INFO: Deploying web application directory D:\Projeler\Eclipse Workspace\bundles\tomcat-7.0.42\webapps\Validation-portlet
Tem 03, 2019 10:12:37 ÖÖ org.apache.catalina.loader.WebappLoader buildClassPath
INFO: Unknown loader jdk.internal.loader.ClassLoaders$AppClassLoader@443b7951 class jdk.internal.loader.ClassLoaders$AppClassLoader
Tem 03, 2019 10:12:38 ÖÖ org.apache.catalina.startup.HostConfig deployDirectory
INFO: Deploying web application directory D:\Projeler\Eclipse Workspace\bundles\tomcat-7.0.42\webapps\web-form-portlet
Tem 03, 2019 10:12:40 ÖÖ org.apache.catalina.loader.WebappLoader buildClassPath
INFO: Unknown loader jdk.internal.loader.ClassLoaders$AppClassLoader@443b7951 class jdk.internal.loader.ClassLoaders$AppClassLoader
Tem 03, 2019 10:12:41 ÖÖ org.apache.catalina.startup.HostConfig deployDirectory
INFO: Deploying web application directory D:\Projeler\Eclipse Workspace\bundles\tomcat-7.0.42\webapps\welcome-theme
Tem 03, 2019 10:12:41 ÖÖ org.apache.catalina.loader.WebappLoader buildClassPath
INFO: Unknown loader jdk.internal.loader.ClassLoaders$AppClassLoader@443b7951 class jdk.internal.loader.ClassLoaders$AppClassLoader
Tem 03, 2019 10:12:43 ÖÖ org.apache.coyote.AbstractProtocol start
INFO: Starting ProtocolHandler ["http-bio-8080"]
Tem 03, 2019 10:12:43 ÖÖ org.apache.coyote.AbstractProtocol start
INFO: Starting ProtocolHandler ["ajp-bio-8009"]
Tem 03, 2019 10:12:43 ÖÖ org.apache.catalina.startup.Catalina start
INFO: Server startup in 252747 ms
Tem 03, 2019 3:08:28 ÖS org.apache.catalina.startup.HostConfig deployDirectory
INFO: Deploying web application directory D:\Projeler\Eclipse Workspace\bundles\tomcat-7.0.42\webapps\edit-button-portlet
Tem 03, 2019 3:08:28 ÖS org.apache.catalina.loader.WebappLoader buildClassPath
INFO: Unknown loader jdk.internal.loader.ClassLoaders$AppClassLoader@443b7951 class jdk.internal.loader.ClassLoaders$AppClassLoader
Tem 03, 2019 3:10:40 ÖS org.apache.catalina.startup.HostConfig deleteRedeployResources
INFO: Undeploying context [/edit-button-portlet]
Tem 03, 2019 3:10:40 ÖS org.apache.catalina.startup.HostConfig deployDirectory
INFO: Deploying web application directory D:\Projeler\Eclipse Workspace\bundles\tomcat-7.0.42\webapps\edit-button-portlet
Tem 03, 2019 3:10:41 ÖS org.apache.catalina.loader.WebappLoader buildClassPath
INFO: Unknown loader jdk.internal.loader.ClassLoaders$AppClassLoader@443b7951 class jdk.internal.loader.ClassLoaders$AppClassLoader
Tem 03, 2019 3:18:42 ÖS org.apache.catalina.startup.HostConfig deleteRedeployResources
INFO: Undeploying context [/edit-button-portlet]
Tem 03, 2019 3:18:42 ÖS org.apache.catalina.startup.HostConfig deployDirectory
INFO: Deploying web application directory D:\Projeler\Eclipse Workspace\bundles\tomcat-7.0.42\webapps\edit-button-portlet
Tem 03, 2019 3:18:43 ÖS org.apache.catalina.loader.WebappLoader buildClassPath
INFO: Unknown loader jdk.internal.loader.ClassLoaders$AppClassLoader@443b7951 class jdk.internal.loader.ClassLoaders$AppClassLoader
Tem 03, 2019 3:22:43 ÖS org.apache.catalina.startup.HostConfig deleteRedeployResources
INFO: Undeploying context [/edit-button-portlet]
Tem 03, 2019 3:22:44 ÖS org.apache.catalina.startup.HostConfig deployDirectory
INFO: Deploying web application directory D:\Projeler\Eclipse Workspace\bundles\tomcat-7.0.42\webapps\edit-button-portlet
Tem 03, 2019 3:22:44 ÖS org.apache.catalina.loader.WebappLoader buildClassPath
INFO: Unknown loader jdk.internal.loader.ClassLoaders$AppClassLoader@443b7951 class jdk.internal.loader.ClassLoaders$AppClassLoader
Tem 03, 2019 3:27:05 ÖS org.apache.catalina.startup.HostConfig deleteRedeployResources
INFO: Undeploying context [/edit-button-portlet]
Tem 03, 2019 3:27:05 ÖS org.apache.catalina.startup.HostConfig deployDirectory
INFO: Deploying web application directory D:\Projeler\Eclipse Workspace\bundles\tomcat-7.0.42\webapps\edit-button-portlet
Tem 03, 2019 3:27:06 ÖS org.apache.catalina.loader.WebappLoader buildClassPath
INFO: Unknown loader jdk.internal.loader.ClassLoaders$AppClassLoader@443b7951 class jdk.internal.loader.ClassLoaders$AppClassLoader
Tem 03, 2019 3:28:47 ÖS org.apache.catalina.startup.HostConfig deleteRedeployResources
INFO: Undeploying context [/edit-button-portlet]
Tem 03, 2019 3:28:47 ÖS org.apache.catalina.startup.HostConfig deployDirectory
INFO: Deploying web application directory D:\Projeler\Eclipse Workspace\bundles\tomcat-7.0.42\webapps\edit-button-portlet
Tem 03, 2019 3:28:48 ÖS org.apache.catalina.loader.WebappLoader buildClassPath
INFO: Unknown loader jdk.internal.loader.ClassLoaders$AppClassLoader@443b7951 class jdk.internal.loader.ClassLoaders$AppClassLoader
Tem 03, 2019 3:29:58 ÖS org.apache.catalina.startup.HostConfig deleteRedeployResources
INFO: Undeploying context [/edit-button-portlet]
Tem 03, 2019 3:29:59 ÖS org.apache.catalina.startup.HostConfig deployDirectory
INFO: Deploying web application directory D:\Projeler\Eclipse Workspace\bundles\tomcat-7.0.42\webapps\edit-button-portlet
Tem 03, 2019 3:29:59 ÖS org.apache.catalina.loader.WebappLoader buildClassPath
INFO: Unknown loader jdk.internal.loader.ClassLoaders$AppClassLoader@443b7951 class jdk.internal.loader.ClassLoaders$AppClassLoader
Tem 03, 2019 3:32:10 ÖS org.apache.catalina.startup.HostConfig deleteRedeployResources
INFO: Undeploying context [/edit-button-portlet]
Tem 03, 2019 3:32:10 ÖS org.apache.catalina.startup.HostConfig deployDirectory
INFO: Deploying web application directory D:\Projeler\Eclipse Workspace\bundles\tomcat-7.0.42\webapps\edit-button-portlet
Tem 03, 2019 3:32:11 ÖS org.apache.catalina.loader.WebappLoader buildClassPath
INFO: Unknown loader jdk.internal.loader.ClassLoaders$AppClassLoader@443b7951 class jdk.internal.loader.ClassLoaders$AppClassLoader
Tem 03, 2019 3:48:32 ÖS org.apache.catalina.startup.HostConfig deployDirectory
INFO: Deploying web application directory D:\Projeler\Eclipse Workspace\bundles\tomcat-7.0.42\webapps\Internationalization-portlet
Tem 03, 2019 3:48:32 ÖS org.apache.catalina.loader.WebappLoader buildClassPath
INFO: Unknown loader jdk.internal.loader.ClassLoaders$AppClassLoader@443b7951 class jdk.internal.loader.ClassLoaders$AppClassLoader
Tem 03, 2019 3:58:53 ÖS org.apache.catalina.startup.HostConfig deleteRedeployResources
INFO: Undeploying context [/Internationalization-portlet]
Tem 03, 2019 3:58:53 ÖS org.apache.catalina.startup.HostConfig deployDirectory
INFO: Deploying web application directory D:\Projeler\Eclipse Workspace\bundles\tomcat-7.0.42\webapps\Internationalization-portlet
Tem 03, 2019 3:58:54 ÖS org.apache.catalina.loader.WebappLoader buildClassPath
INFO: Unknown loader jdk.internal.loader.ClassLoaders$AppClassLoader@443b7951 class jdk.internal.loader.ClassLoaders$AppClassLoader
Tem 03, 2019 4:00:54 ÖS org.apache.catalina.startup.HostConfig deleteRedeployResources
INFO: Undeploying context [/Internationalization-portlet]
Tem 03, 2019 4:00:55 ÖS org.apache.catalina.startup.HostConfig deployDirectory
INFO: Deploying web application directory D:\Projeler\Eclipse Workspace\bundles\tomcat-7.0.42\webapps\Internationalization-portlet
Tem 03, 2019 4:00:55 ÖS org.apache.catalina.loader.WebappLoader buildClassPath
INFO: Unknown loader jdk.internal.loader.ClassLoaders$AppClassLoader@443b7951 class jdk.internal.loader.ClassLoaders$AppClassLoader
Tem 03, 2019 5:22:37 ÖS org.apache.catalina.startup.HostConfig deleteRedeployResources
INFO: Undeploying context [/Internationalization-portlet]
Tem 03, 2019 5:22:38 ÖS org.apache.catalina.startup.HostConfig deployDirectory
INFO: Deploying web application directory D:\Projeler\Eclipse Workspace\bundles\tomcat-7.0.42\webapps\Internationalization-portlet
Tem 03, 2019 5:22:38 ÖS org.apache.catalina.loader.WebappLoader buildClassPath
INFO: Unknown loader jdk.internal.loader.ClassLoaders$AppClassLoader@443b7951 class jdk.internal.loader.ClassLoaders$AppClassLoader
Tem 03, 2019 5:26:19 ÖS org.apache.catalina.startup.HostConfig deleteRedeployResources
INFO: Undeploying context [/Internationalization-portlet]
Tem 03, 2019 5:26:19 ÖS org.apache.catalina.startup.HostConfig deployDirectory
INFO: Deploying web application directory D:\Projeler\Eclipse Workspace\bundles\tomcat-7.0.42\webapps\Internationalization-portlet
Tem 03, 2019 5:26:20 ÖS org.apache.catalina.loader.WebappLoader buildClassPath
INFO: Unknown loader jdk.internal.loader.ClassLoaders$AppClassLoader@443b7951 class jdk.internal.loader.ClassLoaders$AppClassLoader
Tem 03, 2019 5:31:50 ÖS org.apache.catalina.startup.HostConfig deleteRedeployResources
INFO: Undeploying context [/Internationalization-portlet]
Tem 03, 2019 5:31:51 ÖS org.apache.catalina.startup.HostConfig deployDirectory
INFO: Deploying web application directory D:\Projeler\Eclipse Workspace\bundles\tomcat-7.0.42\webapps\Internationalization-portlet
Tem 03, 2019 5:31:51 ÖS org.apache.catalina.loader.WebappLoader buildClassPath
INFO: Unknown loader jdk.internal.loader.ClassLoaders$AppClassLoader@443b7951 class jdk.internal.loader.ClassLoaders$AppClassLoader
Tem 03, 2019 5:38:32 ÖS org.apache.catalina.startup.HostConfig deleteRedeployResources
INFO: Undeploying context [/Internationalization-portlet]
Tem 03, 2019 5:38:32 ÖS org.apache.catalina.startup.HostConfig deployDirectory
INFO: Deploying web application directory D:\Projeler\Eclipse Workspace\bundles\tomcat-7.0.42\webapps\Internationalization-portlet
Tem 03, 2019 5:38:33 ÖS org.apache.catalina.loader.WebappLoader buildClassPath
INFO: Unknown loader jdk.internal.loader.ClassLoaders$AppClassLoader@443b7951 class jdk.internal.loader.ClassLoaders$AppClassLoader
Tem 03, 2019 5:39:23 ÖS org.apache.catalina.startup.HostConfig deleteRedeployResources
INFO: Undeploying context [/Internationalization-portlet]
Tem 03, 2019 5:39:24 ÖS org.apache.catalina.startup.HostConfig deployDirectory
INFO: Deploying web application directory D:\Projeler\Eclipse Workspace\bundles\tomcat-7.0.42\webapps\Internationalization-portlet
Tem 03, 2019 5:39:24 ÖS org.apache.catalina.loader.WebappLoader buildClassPath
INFO: Unknown loader jdk.internal.loader.ClassLoaders$AppClassLoader@443b7951 class jdk.internal.loader.ClassLoaders$AppClassLoader
Tem 03, 2019 5:39:55 ÖS org.apache.catalina.startup.HostConfig deleteRedeployResources
INFO: Undeploying context [/Internationalization-portlet]
Tem 03, 2019 5:39:55 ÖS org.apache.catalina.startup.HostConfig deployDirectory
INFO: Deploying web application directory D:\Projeler\Eclipse Workspace\bundles\tomcat-7.0.42\webapps\Internationalization-portlet
Tem 03, 2019 5:39:56 ÖS org.apache.catalina.loader.WebappLoader buildClassPath
INFO: Unknown loader jdk.internal.loader.ClassLoaders$AppClassLoader@443b7951 class jdk.internal.loader.ClassLoaders$AppClassLoader
Tem 03, 2019 5:40:56 ÖS org.apache.catalina.startup.HostConfig deleteRedeployResources
INFO: Undeploying context [/Internationalization-portlet]
Tem 03, 2019 5:40:57 ÖS org.apache.catalina.startup.HostConfig deployDirectory
INFO: Deploying web application directory D:\Projeler\Eclipse Workspace\bundles\tomcat-7.0.42\webapps\Internationalization-portlet
Tem 03, 2019 5:40:57 ÖS org.apache.catalina.loader.WebappLoader buildClassPath
INFO: Unknown loader jdk.internal.loader.ClassLoaders$AppClassLoader@443b7951 class jdk.internal.loader.ClassLoaders$AppClassLoader
Tem 03, 2019 5:46:48 ÖS org.apache.catalina.startup.HostConfig deleteRedeployResources
INFO: Undeploying context [/Internationalization-portlet]
Tem 03, 2019 5:46:48 ÖS org.apache.catalina.startup.HostConfig deployDirectory
INFO: Deploying web application directory D:\Projeler\Eclipse Workspace\bundles\tomcat-7.0.42\webapps\Internationalization-portlet
Tem 03, 2019 5:46:49 ÖS org.apache.catalina.loader.WebappLoader buildClassPath
INFO: Unknown loader jdk.internal.loader.ClassLoaders$AppClassLoader@443b7951 class jdk.internal.loader.ClassLoaders$AppClassLoader
